Looking for git in: git
Using git 2.27.0 from git
> git rev-parse --show-toplevel
> git rev-parse --git-dir
Open repository: /home/atqwerty/Desktop/projects/work/vlife-cms
> git status -z -u
> git symbolic-ref --short HEAD
> git rev-parse feat/new-product-modal-form
> git rev-parse --symbolic-full-name feat/new-product-modal-form@{u}
fatal: no upstream configured for branch 'feat/new-product-modal-form'
> git for-each-ref --format %(refname) %(objectname) --sort -committerdate
> git remote --verbose
> git config --get commit.template
> git check-ignore -v -z --stdin
> git show :src/modules/shop/components/StocksListPage/CreateStockDrawer.tsx
> git ls-files --stage -- /home/atqwerty/Desktop/projects/work/vlife-cms/src/modules/shop/components/StocksListPage/CreateStockDrawer.tsx
> git cat-file -s 7322ee9e5b457ad42314e330b6f2c60f15cf2242
> git check-ignore -v -z --stdin
> git show :src/modules/shop/components/StocksListPage/StocksListPage.tsx
> git ls-files --stage -- /home/atqwerty/Desktop/projects/work/vlife-cms/src/modules/shop/components/StocksListPage/StocksListPage.tsx
> git check-ignore -v -z --stdin
> git cat-file -s 5c5c0236f3302bedb7806884a9034169676537fd
> git status -z -u
> git symbolic-ref --short HEAD
> git rev-parse feat/new-product-modal-form
> git rev-parse --symbolic-full-name feat/new-product-modal-form@{u}
fatal: no upstream configured for branch 'feat/new-product-modal-form'
> git for-each-ref --format %(refname) %(objectname) --sort -committerdate
> git remote --verbose
> git config --get commit.template
> git ls-files --stage -- /home/atqwerty/Desktop/projects/work/vlife-cms/src/modules/shop/components/StocksListPage/StocksListPage.tsx
> git cat-file -s 5c5c0236f3302bedb7806884a9034169676537fd
> git show :src/modules/shop/components/StocksListPage/StocksListPage.tsx
